[Discrete(8), Discrete(10), Discrete(10)]
There is 3 adversaries
Using good policy maddpg and adv policy maddpg
Starting iterations...
steps: 24975, episodes: 1000, mean episode reward: -22.351400381537673, agent episode reward: [-38.978689155973804, 8.313644387218066, 8.313644387218066], time: 84.243
steps: 49975, episodes: 2000, mean episode reward: -34.77376416970398, agent episode reward: [-49.32646666646508, 7.276351248380547, 7.276351248380547], time: 96.771
steps: 74975, episodes: 3000, mean episode reward: -9.771494417892757, agent episode reward: [-26.435490860520964, 8.331998221314102, 8.331998221314102], time: 95.456
steps: 99975, episodes: 4000, mean episode reward: -9.728888702235832, agent episode reward: [-22.610587582808588, 6.440849440286378, 6.440849440286378], time: 96.152
steps: 124975, episodes: 5000, mean episode reward: -10.25237722399848, agent episode reward: [-20.841404578633647, 5.2945136773175845, 5.2945136773175845], time: 95.784
steps: 149975, episodes: 6000, mean episode reward: -9.776553482848977, agent episode reward: [-19.723270888607853, 4.973358702879439, 4.973358702879439], time: 97.204
steps: 174975, episodes: 7000, mean episode reward: -10.736814464515621, agent episode reward: [-21.109238465966254, 5.186212000725316, 5.186212000725316], time: 96.082
steps: 199975, episodes: 8000, mean episode reward: -11.003769755789207, agent episode reward: [-20.27566732757169, 4.635948785891242, 4.635948785891242], time: 96.984
steps: 224975, episodes: 9000, mean episode reward: -11.071654176552938, agent episode reward: [-19.593021473074025, 4.260683648260545, 4.260683648260545], time: 97.525
steps: 249975, episodes: 10000, mean episode reward: -9.846851292515305, agent episode reward: [-19.084995047196102, 4.6190718773403985, 4.6190718773403985], time: 96.672
steps: 274975, episodes: 11000, mean episode reward: -9.907776133236887, agent episode reward: [-20.206445367385005, 5.149334617074059, 5.149334617074059], time: 96.682
steps: 299975, episodes: 12000, mean episode reward: -9.275097058781164, agent episode reward: [-20.218529398959966, 5.471716170089403, 5.471716170089403], time: 96.735
steps: 324975, episodes: 13000, mean episode reward: -8.777245938323638, agent episode reward: [-20.056565305883606, 5.639659683779985, 5.639659683779985], time: 95.722
steps: 349975, episodes: 14000, mean episode reward: -8.742583617109915, agent episode reward: [-20.95479445900861, 6.1061054209493495, 6.1061054209493495], time: 96.394
steps: 374975, episodes: 15000, mean episode reward: -8.389206772553859, agent episode reward: [-20.147012773587964, 5.878903000517053, 5.878903000517053], time: 96.218
steps: 399975, episodes: 16000, mean episode reward: -8.689454128921122, agent episode reward: [-21.145113096554358, 6.227829483816617, 6.227829483816617], time: 95.789
steps: 424975, episodes: 17000, mean episode reward: -8.797110143671969, agent episode reward: [-21.022294224059284, 6.112592040193657, 6.112592040193657], time: 95.574
steps: 449975, episodes: 18000, mean episode reward: -8.79317989134289, agent episode reward: [-21.453708246142263, 6.330264177399686, 6.330264177399686], time: 94.846
steps: 474975, episodes: 19000, mean episode reward: -8.21848577272695, agent episode reward: [-20.263838766601744, 6.022676496937396, 6.022676496937396], time: 95.88
steps: 499975, episodes: 20000, mean episode reward: -8.408436333207462, agent episode reward: [-20.63385036037689, 6.112707013584715, 6.112707013584715], time: 97.071
steps: 524975, episodes: 21000, mean episode reward: -9.063989924049398, agent episode reward: [-20.881611117967562, 5.908810596959081, 5.908810596959081], time: 96.157
steps: 549975, episodes: 22000, mean episode reward: -9.1210071982429, agent episode reward: [-22.18881621386174, 6.533904507809418, 6.533904507809418], time: 96.39
steps: 574975, episodes: 23000, mean episode reward: -9.095558276961896, agent episode reward: [-20.811994680755195, 5.858218201896649, 5.858218201896649], time: 94.887
steps: 599975, episodes: 24000, mean episode reward: -9.43954824322282, agent episode reward: [-20.98217530430992, 5.77131353054355, 5.77131353054355], time: 97.34
steps: 624975, episodes: 25000, mean episode reward: -8.819937595130826, agent episode reward: [-20.115336839208823, 5.6476996220389974, 5.6476996220389974], time: 97.887
steps: 649975, episodes: 26000, mean episode reward: -9.341699497735124, agent episode reward: [-20.66391279099329, 5.661106646629084, 5.661106646629084], time: 96.628
steps: 674975, episodes: 27000, mean episode reward: -9.528844555459301, agent episode reward: [-20.964795260105742, 5.7179753523232195, 5.7179753523232195], time: 95.883
steps: 699975, episodes: 28000, mean episode reward: -9.810121343401505, agent episode reward: [-21.73126084600724, 5.960569751302864, 5.960569751302864], time: 95.725
steps: 724975, episodes: 29000, mean episode reward: -9.71116459226805, agent episode reward: [-21.819830564353644, 6.054332986042798, 6.054332986042798], time: 96.472
steps: 749975, episodes: 30000, mean episode reward: -10.418315606287265, agent episode reward: [-21.36641066575728, 5.474047529735005, 5.474047529735005], time: 96.365
steps: 774975, episodes: 31000, mean episode reward: -10.161788318259186, agent episode reward: [-20.356461628326603, 5.09733665503371, 5.09733665503371], time: 96.894
steps: 799975, episodes: 32000, mean episode reward: -9.908656145082157, agent episode reward: [-21.4991544188275, 5.795249136872672, 5.795249136872672], time: 96.378
steps: 824975, episodes: 33000, mean episode reward: -10.3133303316552, agent episode reward: [-20.795716942677196, 5.241193305510997, 5.241193305510997], time: 96.384
steps: 849975, episodes: 34000, mean episode reward: -10.154365982973653, agent episode reward: [-22.100619758865008, 5.973126887945675, 5.973126887945675], time: 97.246
steps: 874975, episodes: 35000, mean episode reward: -9.524144174241068, agent episode reward: [-21.124959441283266, 5.8004076335210994, 5.8004076335210994], time: 97.512
steps: 899975, episodes: 36000, mean episode reward: -10.138692476901909, agent episode reward: [-20.9798457395944, 5.420576631346243, 5.420576631346243], time: 96.577
steps: 924975, episodes: 37000, mean episode reward: -9.870438388113364, agent episode reward: [-20.520874031792417, 5.325217821839527, 5.325217821839527], time: 96.402
steps: 949975, episodes: 38000, mean episode reward: -10.518519184881784, agent episode reward: [-21.41767955286632, 5.4495801839922695, 5.4495801839922695], time: 99.77
steps: 974975, episodes: 39000, mean episode reward: -9.057159627761342, agent episode reward: [-21.507982865926987, 6.225411619082821, 6.225411619082821], time: 98.549
steps: 999975, episodes: 40000, mean episode reward: -10.702691678866483, agent episode reward: [-21.682395028088727, 5.489851674611123, 5.489851674611123], time: 96.544
steps: 1024975, episodes: 41000, mean episode reward: -10.150095035504208, agent episode reward: [-21.84265509167813, 5.84628002808696, 5.84628002808696], time: 96.265
steps: 1049975, episodes: 42000, mean episode reward: -10.089813604475765, agent episode reward: [-21.92992730233193, 5.920056848928082, 5.920056848928082], time: 97.108
steps: 1074975, episodes: 43000, mean episode reward: -10.22464786641138, agent episode reward: [-20.837876895039642, 5.30661451431413, 5.30661451431413], time: 96.983
steps: 1099975, episodes: 44000, mean episode reward: -10.598984850503042, agent episode reward: [-21.726218438612197, 5.563616794054576, 5.563616794054576], time: 96.956
steps: 1124975, episodes: 45000, mean episode reward: -11.34176326093511, agent episode reward: [-20.973084355141218, 4.815660547103054, 4.815660547103054], time: 96.529
steps: 1149975, episodes: 46000, mean episode reward: -11.586409202026221, agent episode reward: [-21.610460577880623, 5.0120256879272, 5.0120256879272], time: 95.134
steps: 1174975, episodes: 47000, mean episode reward: -12.966854068332307, agent episode reward: [-22.487016782138312, 4.760081356903003, 4.760081356903003], time: 96.546
steps: 1199975, episodes: 48000, mean episode reward: -12.47229667442961, agent episode reward: [-21.63968847987422, 4.583695902722306, 4.583695902722306], time: 97.153
steps: 1224975, episodes: 49000, mean episode reward: -11.934884288551455, agent episode reward: [-21.52506745895274, 4.795091585200643, 4.795091585200643], time: 97.605
steps: 1249975, episodes: 50000, mean episode reward: -12.001171293576299, agent episode reward: [-21.889017352117683, 4.943923029270692, 4.943923029270692], time: 98.2
steps: 1274975, episodes: 51000, mean episode reward: -12.147542054324981, agent episode reward: [-21.658334584759185, 4.755396265217101, 4.755396265217101], time: 97.599
steps: 1299975, episodes: 52000, mean episode reward: -12.894620932731824, agent episode reward: [-21.05918374165483, 4.082281404461504, 4.082281404461504], time: 97.874
steps: 1324975, episodes: 53000, mean episode reward: -12.779074714376668, agent episode reward: [-20.71392082406619, 3.96742305484476, 3.96742305484476], time: 97.716
steps: 1349975, episodes: 54000, mean episode reward: -12.63129000386248, agent episode reward: [-21.542980391638622, 4.455845193888072, 4.455845193888072], time: 96.689
steps: 1374975, episodes: 55000, mean episode reward: -12.439730224557248, agent episode reward: [-21.580211066178308, 4.570240420810529, 4.570240420810529], time: 97.246
steps: 1399975, episodes: 56000, mean episode reward: -11.954143412082566, agent episode reward: [-21.514700886130438, 4.780278737023938, 4.780278737023938], time: 97.782
steps: 1424975, episodes: 57000, mean episode reward: -12.596451608111346, agent episode reward: [-20.88130021127319, 4.142424301580922, 4.142424301580922], time: 97.751
steps: 1449975, episodes: 58000, mean episode reward: -12.122915092439966, agent episode reward: [-21.703647674546897, 4.7903662910534655, 4.7903662910534655], time: 97.437
steps: 1474975, episodes: 59000, mean episode reward: -13.614150083847143, agent episode reward: [-21.011006544500322, 3.69842823032659, 3.69842823032659], time: 97.713
steps: 1499975, episodes: 60000, mean episode reward: -11.777567563234971, agent episode reward: [-21.686177534226577, 4.954304985495805, 4.954304985495805], time: 97.313
...Finished total of 60001 episodes.
